2026-06-29 13:30:47 | INFO     | Data-file initialization check completed
2026-06-29 13:30:47 | INFO     | SYSTEM START
2026-06-29 13:30:47 | INFO     | VIEW all students (4 record(s))
2026-06-29 13:30:47 | INFO     | Menu action 2 completed
2026-06-29 13:30:47 | INFO     | ADD student TMP/999
2026-06-29 13:30:47 | INFO     | Menu action 1 completed
2026-06-29 13:30:47 | INFO     | SEARCH found student TMP/999
2026-06-29 13:30:47 | INFO     | Menu action 3 completed
2026-06-29 13:30:47 | INFO     | SEARCH found student TMP/999
2026-06-29 13:30:47 | INFO     | UPDATE student TMP/999 fields=email
2026-06-29 13:30:47 | INFO     | Menu action 4 completed
2026-06-29 13:30:47 | INFO     | SEARCH found student TMP/999
2026-06-29 13:30:47 | INFO     | DELETE student TMP/999
2026-06-29 13:30:48 | INFO     | Menu action 5 completed
2026-06-29 13:30:48 | WARNING  | SEARCH could not find student NOT/404
2026-06-29 13:30:48 | INFO     | Menu action 3 completed
2026-06-29 13:30:48 | WARNING  | Invalid menu choice: '9'
2026-06-29 13:30:48 | INFO     | SYSTEM STOP
2026-06-29 13:50:05 | INFO     | Data-file initialization check completed
2026-06-29 13:50:05 | INFO     | VIEW all students (4 record(s))
2026-06-29 13:50:05 | INFO     | SEARCH found student BIT/2025/001
